2023-10-09T10:30:20.584+05:30  INFO 21764 --- [restartedMain] com.example.demo.ApigatewayApplication   : Starting ApigatewayApplication using Java 17.0.7 with PID 21764 (C:\Users\HP\Documents\workspace-spring-tool-suite-4-4.18.1.RELEASE\apigateway\target\classes started by HP in C:\Users\HP\Documents\workspace-spring-tool-suite-4-4.18.1.RELEASE\apigateway)
2023-10-09T10:30:20.588+05:30  INFO 21764 --- [restartedMain] com.example.demo.ApigatewayApplication   : No active profile set, falling back to 1 default profile: "default"
2023-10-09T10:30:20.655+05:30  INFO 21764 --- [restartedMain] .e.DevToolsPropertyDefaultsPostProcessor : Devtools property defaults active! Set 'spring.devtools.add-properties' to 'false' to disable
2023-10-09T10:30:20.663+05:30  INFO 21764 --- [restartedMain] .e.DevToolsPropertyDefaultsPostProcessor : For additional web related logging consider setting the 'logging.level.web' property to 'DEBUG'
2023-10-09T10:30:21.960+05:30  INFO 21764 --- [restartedMain] o.s.cloud.context.scope.GenericScope     : BeanFactory id=b9bbf641-9298-326d-b5ab-b19a672d78c1
2023-10-09T10:30:22.543+05:30  INFO 21764 --- [restartedMain] o.s.b.w.embedded.tomcat.TomcatWebServer  : Tomcat initialized with port(s): 8080 (http)
2023-10-09T10:30:22.555+05:30  INFO 21764 --- [restartedMain] o.apache.catalina.core.StandardService   : Starting service [Tomcat]
2023-10-09T10:30:22.556+05:30  INFO 21764 --- [restartedMain] o.apache.catalina.core.StandardEngine    : Starting Servlet engine: [Apache Tomcat/10.1.13]
2023-10-09T10:30:22.665+05:30  INFO 21764 --- [restartedMain] o.a.c.c.C.[Tomcat].[localhost].[/]       : Initializing Spring embedded WebApplicationContext
2023-10-09T10:30:22.665+05:30  INFO 21764 --- [restartedMain] w.s.c.ServletWebServerApplicationContext : Root WebApplicationContext: initialization completed in 2001 ms
2023-10-09T10:30:23.918+05:30  WARN 21764 --- [restartedMain] o.s.b.d.a.OptionalLiveReloadServer       : Unable to start LiveReload server
2023-10-09T10:30:24.093+05:30  WARN 21764 --- [restartedMain] ConfigServletWebServerApplicationContext : Exception encountered during context initialization - cancelling refresh attempt: org.springframework.beans.factory.UnsatisfiedDependencyException: Error creating bean with name 'org.springframework.cloud.netflix.eureka.EurekaClientAutoConfiguration$RefreshableEurekaClientConfiguration': Unsatisfied dependency expressed through field 'optionalArgs': No qualifying bean of type 'com.netflix.discovery.AbstractDiscoveryClientOptionalArgs<?>' available: expected at least 1 bean which qualifies as autowire candidate. Dependency annotations: {@org.springframework.beans.factory.annotation.Autowired(required=true)}
2023-10-09T10:30:24.101+05:30  INFO 21764 --- [restartedMain] o.apache.catalina.core.StandardService   : Stopping service [Tomcat]
2023-10-09T10:30:24.130+05:30  INFO 21764 --- [restartedMain] .s.b.a.l.ConditionEvaluationReportLogger : 

Error starting ApplicationContext. To display the condition evaluation report re-run your application with 'debug' enabled.
2023-10-09T10:30:24.161+05:30 ERROR 21764 --- [restartedMain] o.s.b.d.LoggingFailureAnalysisReporter   : 

***************************
APPLICATION FAILED TO START
***************************

Description:

Field optionalArgs in org.springframework.cloud.netflix.eureka.EurekaClientAutoConfiguration$RefreshableEurekaClientConfiguration required a bean of type 'com.netflix.discovery.AbstractDiscoveryClientOptionalArgs' that could not be found.

The injection point has the following annotations:
	- @org.springframework.beans.factory.annotation.Autowired(required=true)


Action:

Consider defining a bean of type 'com.netflix.discovery.AbstractDiscoveryClientOptionalArgs' in your configuration.

2023-10-09T10:31:23.098+05:30  INFO 21912 --- [restartedMain] com.example.demo.ApigatewayApplication   : Starting ApigatewayApplication using Java 17.0.7 with PID 21912 (C:\Users\HP\Documents\workspace-spring-tool-suite-4-4.18.1.RELEASE\apigateway\target\classes started by HP in C:\Users\HP\Documents\workspace-spring-tool-suite-4-4.18.1.RELEASE\apigateway)
2023-10-09T10:31:23.103+05:30  INFO 21912 --- [restartedMain] com.example.demo.ApigatewayApplication   : No active profile set, falling back to 1 default profile: "default"
2023-10-09T10:31:23.179+05:30  INFO 21912 --- [restartedMain] .e.DevToolsPropertyDefaultsPostProcessor : Devtools property defaults active! Set 'spring.devtools.add-properties' to 'false' to disable
2023-10-09T10:31:23.180+05:30  INFO 21912 --- [restartedMain] .e.DevToolsPropertyDefaultsPostProcessor : For additional web related logging consider setting the 'logging.level.web' property to 'DEBUG'
2023-10-09T10:31:24.440+05:30  INFO 21912 --- [restartedMain] o.s.cloud.context.scope.GenericScope     : BeanFactory id=b9bbf641-9298-326d-b5ab-b19a672d78c1
2023-10-09T10:31:25.014+05:30  INFO 21912 --- [restartedMain] o.s.b.w.embedded.tomcat.TomcatWebServer  : Tomcat initialized with port(s): 8999 (http)
2023-10-09T10:31:25.026+05:30  INFO 21912 --- [restartedMain] o.apache.catalina.core.StandardService   : Starting service [Tomcat]
2023-10-09T10:31:25.027+05:30  INFO 21912 --- [restartedMain] o.apache.catalina.core.StandardEngine    : Starting Servlet engine: [Apache Tomcat/10.1.13]
2023-10-09T10:31:25.139+05:30  INFO 21912 --- [restartedMain] o.a.c.c.C.[Tomcat].[localhost].[/]       : Initializing Spring embedded WebApplicationContext
2023-10-09T10:31:25.139+05:30  INFO 21912 --- [restartedMain] w.s.c.ServletWebServerApplicationContext : Root WebApplicationContext: initialization completed in 1959 ms
2023-10-09T10:31:26.385+05:30  WARN 21912 --- [restartedMain] o.s.b.d.a.OptionalLiveReloadServer       : Unable to start LiveReload server
2023-10-09T10:31:26.558+05:30  WARN 21912 --- [restartedMain] ConfigServletWebServerApplicationContext : Exception encountered during context initialization - cancelling refresh attempt: org.springframework.beans.factory.UnsatisfiedDependencyException: Error creating bean with name 'org.springframework.cloud.netflix.eureka.EurekaClientAutoConfiguration$RefreshableEurekaClientConfiguration': Unsatisfied dependency expressed through field 'optionalArgs': No qualifying bean of type 'com.netflix.discovery.AbstractDiscoveryClientOptionalArgs<?>' available: expected at least 1 bean which qualifies as autowire candidate. Dependency annotations: {@org.springframework.beans.factory.annotation.Autowired(required=true)}
2023-10-09T10:31:26.565+05:30  INFO 21912 --- [restartedMain] o.apache.catalina.core.StandardService   : Stopping service [Tomcat]
2023-10-09T10:31:26.596+05:30  INFO 21912 --- [restartedMain] .s.b.a.l.ConditionEvaluationReportLogger : 

Error starting ApplicationContext. To display the condition evaluation report re-run your application with 'debug' enabled.
2023-10-09T10:31:26.633+05:30 ERROR 21912 --- [restartedMain] o.s.b.d.LoggingFailureAnalysisReporter   : 

***************************
APPLICATION FAILED TO START
***************************

Description:

Field optionalArgs in org.springframework.cloud.netflix.eureka.EurekaClientAutoConfiguration$RefreshableEurekaClientConfiguration required a bean of type 'com.netflix.discovery.AbstractDiscoveryClientOptionalArgs' that could not be found.

The injection point has the following annotations:
	- @org.springframework.beans.factory.annotation.Autowired(required=true)


Action:

Consider defining a bean of type 'com.netflix.discovery.AbstractDiscoveryClientOptionalArgs' in your configuration.

2023-10-09T10:32:29.068+05:30  INFO 20484 --- [restartedMain] com.example.demo.ApigatewayApplication   : Starting ApigatewayApplication using Java 17.0.7 with PID 20484 (C:\Users\HP\Documents\workspace-spring-tool-suite-4-4.18.1.RELEASE\apigateway\target\classes started by HP in C:\Users\HP\Documents\workspace-spring-tool-suite-4-4.18.1.RELEASE\apigateway)
2023-10-09T10:32:29.071+05:30  INFO 20484 --- [restartedMain] com.example.demo.ApigatewayApplication   : No active profile set, falling back to 1 default profile: "default"
2023-10-09T10:32:29.139+05:30  INFO 20484 --- [restartedMain] .e.DevToolsPropertyDefaultsPostProcessor : Devtools property defaults active! Set 'spring.devtools.add-properties' to 'false' to disable
2023-10-09T10:32:29.140+05:30  INFO 20484 --- [restartedMain] .e.DevToolsPropertyDefaultsPostProcessor : For additional web related logging consider setting the 'logging.level.web' property to 'DEBUG'
2023-10-09T10:32:30.383+05:30  INFO 20484 --- [restartedMain] o.s.cloud.context.scope.GenericScope     : BeanFactory id=b9bbf641-9298-326d-b5ab-b19a672d78c1
2023-10-09T10:32:30.953+05:30  INFO 20484 --- [restartedMain] o.s.b.w.embedded.tomcat.TomcatWebServer  : Tomcat initialized with port(s): 8999 (http)
2023-10-09T10:32:30.964+05:30  INFO 20484 --- [restartedMain] o.apache.catalina.core.StandardService   : Starting service [Tomcat]
2023-10-09T10:32:30.964+05:30  INFO 20484 --- [restartedMain] o.apache.catalina.core.StandardEngine    : Starting Servlet engine: [Apache Tomcat/10.1.13]
2023-10-09T10:32:31.070+05:30  INFO 20484 --- [restartedMain] o.a.c.c.C.[Tomcat].[localhost].[/]       : Initializing Spring embedded WebApplicationContext
2023-10-09T10:32:31.071+05:30  INFO 20484 --- [restartedMain] w.s.c.ServletWebServerApplicationContext : Root WebApplicationContext: initialization completed in 1930 ms
2023-10-09T10:32:32.335+05:30  WARN 20484 --- [restartedMain] o.s.b.d.a.OptionalLiveReloadServer       : Unable to start LiveReload server
2023-10-09T10:32:32.508+05:30  WARN 20484 --- [restartedMain] ConfigServletWebServerApplicationContext : Exception encountered during context initialization - cancelling refresh attempt: org.springframework.beans.factory.UnsatisfiedDependencyException: Error creating bean with name 'org.springframework.cloud.netflix.eureka.EurekaClientAutoConfiguration$RefreshableEurekaClientConfiguration': Unsatisfied dependency expressed through field 'optionalArgs': No qualifying bean of type 'com.netflix.discovery.AbstractDiscoveryClientOptionalArgs<?>' available: expected at least 1 bean which qualifies as autowire candidate. Dependency annotations: {@org.springframework.beans.factory.annotation.Autowired(required=true)}
2023-10-09T10:32:32.518+05:30  INFO 20484 --- [restartedMain] o.apache.catalina.core.StandardService   : Stopping service [Tomcat]
2023-10-09T10:32:32.548+05:30  INFO 20484 --- [restartedMain] .s.b.a.l.ConditionEvaluationReportLogger : 

Error starting ApplicationContext. To display the condition evaluation report re-run your application with 'debug' enabled.
2023-10-09T10:32:32.584+05:30 ERROR 20484 --- [restartedMain] o.s.b.d.LoggingFailureAnalysisReporter   : 

***************************
APPLICATION FAILED TO START
***************************

Description:

Field optionalArgs in org.springframework.cloud.netflix.eureka.EurekaClientAutoConfiguration$RefreshableEurekaClientConfiguration required a bean of type 'com.netflix.discovery.AbstractDiscoveryClientOptionalArgs' that could not be found.

The injection point has the following annotations:
	- @org.springframework.beans.factory.annotation.Autowired(required=true)


Action:

Consider defining a bean of type 'com.netflix.discovery.AbstractDiscoveryClientOptionalArgs' in your configuration.

2023-10-09T10:33:18.669+05:30  INFO 7804 --- [restartedMain] com.example.demo.ApigatewayApplication   : Starting ApigatewayApplication using Java 17.0.7 with PID 7804 (C:\Users\HP\Documents\workspace-spring-tool-suite-4-4.18.1.RELEASE\apigateway\target\classes started by HP in C:\Users\HP\Documents\workspace-spring-tool-suite-4-4.18.1.RELEASE\apigateway)
2023-10-09T10:33:18.673+05:30  INFO 7804 --- [restartedMain] com.example.demo.ApigatewayApplication   : No active profile set, falling back to 1 default profile: "default"
2023-10-09T10:33:18.741+05:30  INFO 7804 --- [restartedMain] .e.DevToolsPropertyDefaultsPostProcessor : Devtools property defaults active! Set 'spring.devtools.add-properties' to 'false' to disable
2023-10-09T10:33:18.741+05:30  INFO 7804 --- [restartedMain] .e.DevToolsPropertyDefaultsPostProcessor : For additional web related logging consider setting the 'logging.level.web' property to 'DEBUG'
2023-10-09T10:33:20.039+05:30  INFO 7804 --- [restartedMain] o.s.cloud.context.scope.GenericScope     : BeanFactory id=b9bbf641-9298-326d-b5ab-b19a672d78c1
2023-10-09T10:33:20.604+05:30  INFO 7804 --- [restartedMain] o.s.b.w.embedded.tomcat.TomcatWebServer  : Tomcat initialized with port(s): 8999 (http)
2023-10-09T10:33:20.624+05:30  INFO 7804 --- [restartedMain] o.apache.catalina.core.StandardService   : Starting service [Tomcat]
2023-10-09T10:33:20.624+05:30  INFO 7804 --- [restartedMain] o.apache.catalina.core.StandardEngine    : Starting Servlet engine: [Apache Tomcat/10.1.13]
2023-10-09T10:33:20.725+05:30  INFO 7804 --- [restartedMain] o.a.c.c.C.[Tomcat].[localhost].[/]       : Initializing Spring embedded WebApplicationContext
2023-10-09T10:33:20.725+05:30  INFO 7804 --- [restartedMain] w.s.c.ServletWebServerApplicationContext : Root WebApplicationContext: initialization completed in 1983 ms
2023-10-09T10:33:22.013+05:30  INFO 7804 --- [restartedMain] o.s.b.d.a.OptionalLiveReloadServer       : LiveReload server is running on port 35729
2023-10-09T10:33:22.184+05:30  WARN 7804 --- [restartedMain] ConfigServletWebServerApplicationContext : Exception encountered during context initialization - cancelling refresh attempt: org.springframework.beans.factory.UnsatisfiedDependencyException: Error creating bean with name 'org.springframework.cloud.netflix.eureka.EurekaClientAutoConfiguration$RefreshableEurekaClientConfiguration': Unsatisfied dependency expressed through field 'optionalArgs': No qualifying bean of type 'com.netflix.discovery.AbstractDiscoveryClientOptionalArgs<?>' available: expected at least 1 bean which qualifies as autowire candidate. Dependency annotations: {@org.springframework.beans.factory.annotation.Autowired(required=true)}
2023-10-09T10:33:22.191+05:30  INFO 7804 --- [restartedMain] o.apache.catalina.core.StandardService   : Stopping service [Tomcat]
2023-10-09T10:33:22.218+05:30  INFO 7804 --- [restartedMain] .s.b.a.l.ConditionEvaluationReportLogger : 

Error starting ApplicationContext. To display the condition evaluation report re-run your application with 'debug' enabled.
2023-10-09T10:33:22.252+05:30 ERROR 7804 --- [restartedMain] o.s.b.d.LoggingFailureAnalysisReporter   : 

***************************
APPLICATION FAILED TO START
***************************

Description:

Field optionalArgs in org.springframework.cloud.netflix.eureka.EurekaClientAutoConfiguration$RefreshableEurekaClientConfiguration required a bean of type 'com.netflix.discovery.AbstractDiscoveryClientOptionalArgs' that could not be found.

The injection point has the following annotations:
	- @org.springframework.beans.factory.annotation.Autowired(required=true)


Action:

Consider defining a bean of type 'com.netflix.discovery.AbstractDiscoveryClientOptionalArgs' in your configuration.

2023-10-09T10:33:54.815+05:30  INFO 15828 --- [restartedMain] com.example.demo.ApigatewayApplication   : Starting ApigatewayApplication using Java 17.0.7 with PID 15828 (C:\Users\HP\Documents\workspace-spring-tool-suite-4-4.18.1.RELEASE\apigateway\target\classes started by HP in C:\Users\HP\Documents\workspace-spring-tool-suite-4-4.18.1.RELEASE\apigateway)
2023-10-09T10:33:54.818+05:30  INFO 15828 --- [restartedMain] com.example.demo.ApigatewayApplication   : No active profile set, falling back to 1 default profile: "default"
2023-10-09T10:33:54.886+05:30  INFO 15828 --- [restartedMain] .e.DevToolsPropertyDefaultsPostProcessor : Devtools property defaults active! Set 'spring.devtools.add-properties' to 'false' to disable
2023-10-09T10:33:54.887+05:30  INFO 15828 --- [restartedMain] .e.DevToolsPropertyDefaultsPostProcessor : For additional web related logging consider setting the 'logging.level.web' property to 'DEBUG'
2023-10-09T10:33:56.158+05:30  INFO 15828 --- [restartedMain] o.s.cloud.context.scope.GenericScope     : BeanFactory id=b9bbf641-9298-326d-b5ab-b19a672d78c1
2023-10-09T10:33:56.742+05:30  INFO 15828 --- [restartedMain] o.s.b.w.embedded.tomcat.TomcatWebServer  : Tomcat initialized with port(s): 8999 (http)
2023-10-09T10:33:56.763+05:30  INFO 15828 --- [restartedMain] o.apache.catalina.core.StandardService   : Starting service [Tomcat]
2023-10-09T10:33:56.763+05:30  INFO 15828 --- [restartedMain] o.apache.catalina.core.StandardEngine    : Starting Servlet engine: [Apache Tomcat/10.1.13]
2023-10-09T10:33:56.877+05:30  INFO 15828 --- [restartedMain] o.a.c.c.C.[Tomcat].[localhost].[/]       : Initializing Spring embedded WebApplicationContext
2023-10-09T10:33:56.878+05:30  INFO 15828 --- [restartedMain] w.s.c.ServletWebServerApplicationContext : Root WebApplicationContext: initialization completed in 1991 ms
2023-10-09T10:33:58.121+05:30  INFO 15828 --- [restartedMain] o.s.b.d.a.OptionalLiveReloadServer       : LiveReload server is running on port 35729
2023-10-09T10:33:58.291+05:30  WARN 15828 --- [restartedMain] ConfigServletWebServerApplicationContext : Exception encountered during context initialization - cancelling refresh attempt: org.springframework.beans.factory.UnsatisfiedDependencyException: Error creating bean with name 'org.springframework.cloud.netflix.eureka.EurekaClientAutoConfiguration$RefreshableEurekaClientConfiguration': Unsatisfied dependency expressed through field 'optionalArgs': No qualifying bean of type 'com.netflix.discovery.AbstractDiscoveryClientOptionalArgs<?>' available: expected at least 1 bean which qualifies as autowire candidate. Dependency annotations: {@org.springframework.beans.factory.annotation.Autowired(required=true)}
2023-10-09T10:33:58.299+05:30  INFO 15828 --- [restartedMain] o.apache.catalina.core.StandardService   : Stopping service [Tomcat]
2023-10-09T10:33:58.327+05:30  INFO 15828 --- [restartedMain] .s.b.a.l.ConditionEvaluationReportLogger : 

Error starting ApplicationContext. To display the condition evaluation report re-run your application with 'debug' enabled.
2023-10-09T10:33:58.361+05:30 ERROR 15828 --- [restartedMain] o.s.b.d.LoggingFailureAnalysisReporter   : 

***************************
APPLICATION FAILED TO START
***************************

Description:

Field optionalArgs in org.springframework.cloud.netflix.eureka.EurekaClientAutoConfiguration$RefreshableEurekaClientConfiguration required a bean of type 'com.netflix.discovery.AbstractDiscoveryClientOptionalArgs' that could not be found.

The injection point has the following annotations:
	- @org.springframework.beans.factory.annotation.Autowired(required=true)


Action:

Consider defining a bean of type 'com.netflix.discovery.AbstractDiscoveryClientOptionalArgs' in your configuration.

2023-10-09T10:35:30.088+05:30  INFO 6104 --- [restartedMain] com.example.demo.ApigatewayApplication   : Starting ApigatewayApplication using Java 17.0.7 with PID 6104 (C:\Users\HP\Documents\workspace-spring-tool-suite-4-4.18.1.RELEASE\apigateway\target\classes started by HP in C:\Users\HP\Documents\workspace-spring-tool-suite-4-4.18.1.RELEASE\apigateway)
2023-10-09T10:35:30.097+05:30  INFO 6104 --- [restartedMain] com.example.demo.ApigatewayApplication   : No active profile set, falling back to 1 default profile: "default"
2023-10-09T10:35:30.168+05:30  INFO 6104 --- [restartedMain] .e.DevToolsPropertyDefaultsPostProcessor : Devtools property defaults active! Set 'spring.devtools.add-properties' to 'false' to disable
2023-10-09T10:35:30.169+05:30  INFO 6104 --- [restartedMain] .e.DevToolsPropertyDefaultsPostProcessor : For additional web related logging consider setting the 'logging.level.web' property to 'DEBUG'
2023-10-09T10:35:31.441+05:30  INFO 6104 --- [restartedMain] o.s.cloud.context.scope.GenericScope     : BeanFactory id=4e4cb332-f23b-3bd6-ab8a-9daea5c00cd5
2023-10-09T10:35:32.054+05:30  INFO 6104 --- [restartedMain] o.s.b.w.embedded.tomcat.TomcatWebServer  : Tomcat initialized with port(s): 8999 (http)
2023-10-09T10:35:32.083+05:30  INFO 6104 --- [restartedMain] o.apache.catalina.core.StandardService   : Starting service [Tomcat]
2023-10-09T10:35:32.083+05:30  INFO 6104 --- [restartedMain] o.apache.catalina.core.StandardEngine    : Starting Servlet engine: [Apache Tomcat/10.1.13]
2023-10-09T10:35:32.195+05:30  INFO 6104 --- [restartedMain] o.a.c.c.C.[Tomcat].[localhost].[/]       : Initializing Spring embedded WebApplicationContext
2023-10-09T10:35:32.196+05:30  INFO 6104 --- [restartedMain] w.s.c.ServletWebServerApplicationContext : Root WebApplicationContext: initialization completed in 2026 ms
2023-10-09T10:35:32.466+05:30  WARN 6104 --- [restartedMain] ConfigServletWebServerApplicationContext : Exception encountered during context initialization - cancelling refresh attempt: org.springframework.beans.factory.BeanCreationException: Error creating bean with name 'main' defined in com.example.demo.ApigatewayApplication: Invalid factory method 'main' on class [com.example.demo.ApigatewayApplication]: needs to have a non-void return type!
2023-10-09T10:35:32.470+05:30  INFO 6104 --- [restartedMain] o.apache.catalina.core.StandardService   : Stopping service [Tomcat]
2023-10-09T10:35:32.503+05:30  INFO 6104 --- [restartedMain] .s.b.a.l.ConditionEvaluationReportLogger : 

Error starting ApplicationContext. To display the condition evaluation report re-run your application with 'debug' enabled.
2023-10-09T10:35:32.532+05:30 ERROR 6104 --- [restartedMain] o.s.boot.SpringApplication               : Application run failed

org.springframework.beans.factory.BeanCreationException: Error creating bean with name 'main' defined in com.example.demo.ApigatewayApplication: Invalid factory method 'main' on class [com.example.demo.ApigatewayApplication]: needs to have a non-void return type!
	at org.springframework.beans.factory.support.ConstructorResolver.instantiateUsingFactoryMethod(ConstructorResolver.java:627) ~[spring-beans-6.0.12.jar:6.0.12]
	at org.springframework.beans.factory.support.AbstractAutowireCapableBeanFactory.instantiateUsingFactoryMethod(AbstractAutowireCapableBeanFactory.java:1332) ~[spring-beans-6.0.12.jar:6.0.12]
	at org.springframework.beans.factory.support.AbstractAutowireCapableBeanFactory.createBeanInstance(AbstractAutowireCapableBeanFactory.java:1162) ~[spring-beans-6.0.12.jar:6.0.12]
	at org.springframework.beans.factory.support.AbstractAutowireCapableBeanFactory.doCreateBean(AbstractAutowireCapableBeanFactory.java:560) ~[spring-beans-6.0.12.jar:6.0.12]
	at org.springframework.beans.factory.support.AbstractAutowireCapableBeanFactory.createBean(AbstractAutowireCapableBeanFactory.java:520) ~[spring-beans-6.0.12.jar:6.0.12]
	at org.springframework.beans.factory.support.AbstractBeanFactory.lambda$doGetBean$0(AbstractBeanFactory.java:325) ~[spring-beans-6.0.12.jar:6.0.12]
	at org.springframework.beans.factory.support.DefaultSingletonBeanRegistry.getSingleton(DefaultSingletonBeanRegistry.java:234) ~[spring-beans-6.0.12.jar:6.0.12]
	at org.springframework.beans.factory.support.AbstractBeanFactory.doGetBean(AbstractBeanFactory.java:323) ~[spring-beans-6.0.12.jar:6.0.12]
	at org.springframework.beans.factory.support.AbstractBeanFactory.getBean(AbstractBeanFactory.java:199) ~[spring-beans-6.0.12.jar:6.0.12]
	at org.springframework.beans.factory.support.DefaultListableBeanFactory.preInstantiateSingletons(DefaultListableBeanFactory.java:973) ~[spring-beans-6.0.12.jar:6.0.12]
	at org.springframework.context.support.AbstractApplicationContext.finishBeanFactoryInitialization(AbstractApplicationContext.java:942) ~[spring-context-6.0.12.jar:6.0.12]
	at org.springframework.context.support.AbstractApplicationContext.refresh(AbstractApplicationContext.java:608) ~[spring-context-6.0.12.jar:6.0.12]
	at org.springframework.boot.web.servlet.context.ServletWebServerApplicationContext.refresh(ServletWebServerApplicationContext.java:146) ~[spring-boot-3.1.4.jar:3.1.4]
	at org.springframework.boot.SpringApplication.refresh(SpringApplication.java:737) ~[spring-boot-3.1.4.jar:3.1.4]
	at org.springframework.boot.SpringApplication.refreshContext(SpringApplication.java:439) ~[spring-boot-3.1.4.jar:3.1.4]
	at org.springframework.boot.SpringApplication.run(SpringApplication.java:315) ~[spring-boot-3.1.4.jar:3.1.4]
	at org.springframework.boot.SpringApplication.run(SpringApplication.java:1309) ~[spring-boot-3.1.4.jar:3.1.4]
	at org.springframework.boot.SpringApplication.run(SpringApplication.java:1298) ~[spring-boot-3.1.4.jar:3.1.4]
	at com.example.demo.ApigatewayApplication.main(ApigatewayApplication.java:14) ~[classes/:na]
	at java.base/jdk.internal.reflect.NativeMethodAccessorImpl.invoke0(Native Method) ~[na:na]
	at java.base/jdk.internal.reflect.NativeMethodAccessorImpl.invoke(NativeMethodAccessorImpl.java:77) ~[na:na]
	at java.base/jdk.internal.reflect.DelegatingMethodAccessorImpl.invoke(DelegatingMethodAccessorImpl.java:43) ~[na:na]
	at java.base/java.lang.reflect.Method.invoke(Method.java:568) ~[na:na]
	at org.springframework.boot.devtools.restart.RestartLauncher.run(RestartLauncher.java:50) ~[spring-boot-devtools-3.1.4.jar:3.1.4]

2023-10-09T10:36:11.629+05:30  INFO 1772 --- [restartedMain] com.example.demo.ApigatewayApplication   : Starting ApigatewayApplication using Java 17.0.7 with PID 1772 (C:\Users\HP\Documents\workspace-spring-tool-suite-4-4.18.1.RELEASE\apigateway\target\classes started by HP in C:\Users\HP\Documents\workspace-spring-tool-suite-4-4.18.1.RELEASE\apigateway)
2023-10-09T10:36:11.633+05:30  INFO 1772 --- [restartedMain] com.example.demo.ApigatewayApplication   : No active profile set, falling back to 1 default profile: "default"
2023-10-09T10:36:11.700+05:30  INFO 1772 --- [restartedMain] .e.DevToolsPropertyDefaultsPostProcessor : Devtools property defaults active! Set 'spring.devtools.add-properties' to 'false' to disable
2023-10-09T10:36:11.701+05:30  INFO 1772 --- [restartedMain] .e.DevToolsPropertyDefaultsPostProcessor : For additional web related logging consider setting the 'logging.level.web' property to 'DEBUG'
2023-10-09T10:36:12.994+05:30  INFO 1772 --- [restartedMain] o.s.cloud.context.scope.GenericScope     : BeanFactory id=b9bbf641-9298-326d-b5ab-b19a672d78c1
2023-10-09T10:36:13.569+05:30  INFO 1772 --- [restartedMain] o.s.b.w.embedded.tomcat.TomcatWebServer  : Tomcat initialized with port(s): 8999 (http)
2023-10-09T10:36:13.589+05:30  INFO 1772 --- [restartedMain] o.apache.catalina.core.StandardService   : Starting service [Tomcat]
2023-10-09T10:36:13.589+05:30  INFO 1772 --- [restartedMain] o.apache.catalina.core.StandardEngine    : Starting Servlet engine: [Apache Tomcat/10.1.13]
2023-10-09T10:36:13.700+05:30  INFO 1772 --- [restartedMain] o.a.c.c.C.[Tomcat].[localhost].[/]       : Initializing Spring embedded WebApplicationContext
2023-10-09T10:36:13.701+05:30  INFO 1772 --- [restartedMain] w.s.c.ServletWebServerApplicationContext : Root WebApplicationContext: initialization completed in 2000 ms
2023-10-09T10:36:14.962+05:30  INFO 1772 --- [restartedMain] o.s.b.d.a.OptionalLiveReloadServer       : LiveReload server is running on port 35729
2023-10-09T10:36:15.134+05:30  WARN 1772 --- [restartedMain] ConfigServletWebServerApplicationContext : Exception encountered during context initialization - cancelling refresh attempt: org.springframework.beans.factory.UnsatisfiedDependencyException: Error creating bean with name 'org.springframework.cloud.netflix.eureka.EurekaClientAutoConfiguration$RefreshableEurekaClientConfiguration': Unsatisfied dependency expressed through field 'optionalArgs': No qualifying bean of type 'com.netflix.discovery.AbstractDiscoveryClientOptionalArgs<?>' available: expected at least 1 bean which qualifies as autowire candidate. Dependency annotations: {@org.springframework.beans.factory.annotation.Autowired(required=true)}
2023-10-09T10:36:15.144+05:30  INFO 1772 --- [restartedMain] o.apache.catalina.core.StandardService   : Stopping service [Tomcat]
2023-10-09T10:36:15.173+05:30  INFO 1772 --- [restartedMain] .s.b.a.l.ConditionEvaluationReportLogger : 

Error starting ApplicationContext. To display the condition evaluation report re-run your application with 'debug' enabled.
2023-10-09T10:36:15.210+05:30 ERROR 1772 --- [restartedMain] o.s.b.d.LoggingFailureAnalysisReporter   : 

***************************
APPLICATION FAILED TO START
***************************

Description:

Field optionalArgs in org.springframework.cloud.netflix.eureka.EurekaClientAutoConfiguration$RefreshableEurekaClientConfiguration required a bean of type 'com.netflix.discovery.AbstractDiscoveryClientOptionalArgs' that could not be found.

The injection point has the following annotations:
	- @org.springframework.beans.factory.annotation.Autowired(required=true)


Action:

Consider defining a bean of type 'com.netflix.discovery.AbstractDiscoveryClientOptionalArgs' in your configuration.

2023-10-09T10:39:14.013+05:30  INFO 19260 --- [restartedMain] com.example.demo.ApigatewayApplication   : Starting ApigatewayApplication using Java 17.0.7 with PID 19260 (C:\Users\HP\Documents\workspace-spring-tool-suite-4-4.18.1.RELEASE\apigateway\target\classes started by HP in C:\Users\HP\Documents\workspace-spring-tool-suite-4-4.18.1.RELEASE\apigateway)
2023-10-09T10:39:14.016+05:30  INFO 19260 --- [restartedMain] com.example.demo.ApigatewayApplication   : No active profile set, falling back to 1 default profile: "default"
2023-10-09T10:39:14.090+05:30  INFO 19260 --- [restartedMain] .e.DevToolsPropertyDefaultsPostProcessor : Devtools property defaults active! Set 'spring.devtools.add-properties' to 'false' to disable
2023-10-09T10:39:14.091+05:30  INFO 19260 --- [restartedMain] .e.DevToolsPropertyDefaultsPostProcessor : For additional web related logging consider setting the 'logging.level.web' property to 'DEBUG'
2023-10-09T10:39:15.455+05:30  INFO 19260 --- [restartedMain] o.s.cloud.context.scope.GenericScope     : BeanFactory id=b9bbf641-9298-326d-b5ab-b19a672d78c1
2023-10-09T10:39:16.061+05:30  INFO 19260 --- [restartedMain] o.s.b.w.embedded.tomcat.TomcatWebServer  : Tomcat initialized with port(s): 8999 (http)
2023-10-09T10:39:16.073+05:30  INFO 19260 --- [restartedMain] o.apache.catalina.core.StandardService   : Starting service [Tomcat]
2023-10-09T10:39:16.074+05:30  INFO 19260 --- [restartedMain] o.apache.catalina.core.StandardEngine    : Starting Servlet engine: [Apache Tomcat/10.1.13]
2023-10-09T10:39:16.179+05:30  INFO 19260 --- [restartedMain] o.a.c.c.C.[Tomcat].[localhost].[/]       : Initializing Spring embedded WebApplicationContext
2023-10-09T10:39:16.180+05:30  INFO 19260 --- [restartedMain] w.s.c.ServletWebServerApplicationContext : Root WebApplicationContext: initialization completed in 2087 ms
2023-10-09T10:39:17.455+05:30  INFO 19260 --- [restartedMain] o.s.b.d.a.OptionalLiveReloadServer       : LiveReload server is running on port 35729
2023-10-09T10:39:17.624+05:30  WARN 19260 --- [restartedMain] ConfigServletWebServerApplicationContext : Exception encountered during context initialization - cancelling refresh attempt: org.springframework.beans.factory.UnsatisfiedDependencyException: Error creating bean with name 'org.springframework.cloud.netflix.eureka.EurekaClientAutoConfiguration$RefreshableEurekaClientConfiguration': Unsatisfied dependency expressed through field 'optionalArgs': No qualifying bean of type 'com.netflix.discovery.AbstractDiscoveryClientOptionalArgs<?>' available: expected at least 1 bean which qualifies as autowire candidate. Dependency annotations: {@org.springframework.beans.factory.annotation.Autowired(required=true)}
2023-10-09T10:39:17.631+05:30  INFO 19260 --- [restartedMain] o.apache.catalina.core.StandardService   : Stopping service [Tomcat]
2023-10-09T10:39:17.656+05:30  INFO 19260 --- [restartedMain] .s.b.a.l.ConditionEvaluationReportLogger : 

Error starting ApplicationContext. To display the condition evaluation report re-run your application with 'debug' enabled.
2023-10-09T10:39:17.687+05:30 ERROR 19260 --- [restartedMain] o.s.b.d.LoggingFailureAnalysisReporter   : 

***************************
APPLICATION FAILED TO START
***************************

Description:

Field optionalArgs in org.springframework.cloud.netflix.eureka.EurekaClientAutoConfiguration$RefreshableEurekaClientConfiguration required a bean of type 'com.netflix.discovery.AbstractDiscoveryClientOptionalArgs' that could not be found.

The injection point has the following annotations:
	- @org.springframework.beans.factory.annotation.Autowired(required=true)


Action:

Consider defining a bean of type 'com.netflix.discovery.AbstractDiscoveryClientOptionalArgs' in your configuration.

2023-10-09T10:47:03.027+05:30  INFO 18504 --- [restartedMain] com.example.demo.ApigatewayApplication   : Starting ApigatewayApplication using Java 17.0.7 with PID 18504 (C:\Users\HP\Documents\workspace-spring-tool-suite-4-4.18.1.RELEASE\apigateway\target\classes started by HP in C:\Users\HP\Documents\workspace-spring-tool-suite-4-4.18.1.RELEASE\apigateway)
2023-10-09T10:47:03.032+05:30  INFO 18504 --- [restartedMain] com.example.demo.ApigatewayApplication   : No active profile set, falling back to 1 default profile: "default"
2023-10-09T10:47:03.102+05:30  INFO 18504 --- [restartedMain] .e.DevToolsPropertyDefaultsPostProcessor : Devtools property defaults active! Set 'spring.devtools.add-properties' to 'false' to disable
2023-10-09T10:47:03.102+05:30  INFO 18504 --- [restartedMain] .e.DevToolsPropertyDefaultsPostProcessor : For additional web related logging consider setting the 'logging.level.web' property to 'DEBUG'
2023-10-09T10:47:04.419+05:30  INFO 18504 --- [restartedMain] o.s.cloud.context.scope.GenericScope     : BeanFactory id=b9bbf641-9298-326d-b5ab-b19a672d78c1
2023-10-09T10:47:04.998+05:30  INFO 18504 --- [restartedMain] o.s.b.w.embedded.tomcat.TomcatWebServer  : Tomcat initialized with port(s): 8999 (http)
2023-10-09T10:47:05.010+05:30  INFO 18504 --- [restartedMain] o.apache.catalina.core.StandardService   : Starting service [Tomcat]
2023-10-09T10:47:05.010+05:30  INFO 18504 --- [restartedMain] o.apache.catalina.core.StandardEngine    : Starting Servlet engine: [Apache Tomcat/10.1.13]
2023-10-09T10:47:05.136+05:30  INFO 18504 --- [restartedMain] o.a.c.c.C.[Tomcat].[localhost].[/]       : Initializing Spring embedded WebApplicationContext
2023-10-09T10:47:05.137+05:30  INFO 18504 --- [restartedMain] w.s.c.ServletWebServerApplicationContext : Root WebApplicationContext: initialization completed in 2034 ms
2023-10-09T10:47:06.409+05:30  INFO 18504 --- [restartedMain] o.s.b.d.a.OptionalLiveReloadServer       : LiveReload server is running on port 35729
2023-10-09T10:47:06.582+05:30  WARN 18504 --- [restartedMain] ConfigServletWebServerApplicationContext : Exception encountered during context initialization - cancelling refresh attempt: org.springframework.beans.factory.UnsatisfiedDependencyException: Error creating bean with name 'org.springframework.cloud.netflix.eureka.EurekaClientAutoConfiguration$RefreshableEurekaClientConfiguration': Unsatisfied dependency expressed through field 'optionalArgs': No qualifying bean of type 'com.netflix.discovery.AbstractDiscoveryClientOptionalArgs<?>' available: expected at least 1 bean which qualifies as autowire candidate. Dependency annotations: {@org.springframework.beans.factory.annotation.Autowired(required=true)}
2023-10-09T10:47:06.589+05:30  INFO 18504 --- [restartedMain] o.apache.catalina.core.StandardService   : Stopping service [Tomcat]
2023-10-09T10:47:06.616+05:30  INFO 18504 --- [restartedMain] .s.b.a.l.ConditionEvaluationReportLogger : 

Error starting ApplicationContext. To display the condition evaluation report re-run your application with 'debug' enabled.
2023-10-09T10:47:06.647+05:30 ERROR 18504 --- [restartedMain] o.s.b.d.LoggingFailureAnalysisReporter   : 

***************************
APPLICATION FAILED TO START
***************************

Description:

Field optionalArgs in org.springframework.cloud.netflix.eureka.EurekaClientAutoConfiguration$RefreshableEurekaClientConfiguration required a bean of type 'com.netflix.discovery.AbstractDiscoveryClientOptionalArgs' that could not be found.

The injection point has the following annotations:
	- @org.springframework.beans.factory.annotation.Autowired(required=true)


Action:

Consider defining a bean of type 'com.netflix.discovery.AbstractDiscoveryClientOptionalArgs' in your configuration.

